<?xml version="1.0" encoding="UTF-8"?>
<!-- Generated by org.testng.reporters.JUnitReportReporter -->
<testsuite hostname="Jays-MBP.fios-router.home" name="com.yourcompany.SampleSauceTest" tests="14" failures="0" timestamp="22 Mar 2017 13:43:51 GMT" time="1010.886" errors="0">
  <testcase name="clickLinkTest" time="64.616" classname="com.yourcompany.SampleSauceTest"/>
  <testcase name="clickLinkTest2" time="81.613" classname="com.yourcompany.SampleSauceTest"/>
  <testcase name="clickLinkTest2" time="71.183" classname="com.yourcompany.SampleSauceTest"/>
  <testcase name="clickLinkTest2" time="79.393" classname="com.yourcompany.SampleSauceTest"/>
  <testcase name="clickLinkTest" time="67.884" classname="com.yourcompany.SampleSauceTest"/>
  <testcase name="clickLinkTest2" time="66.450" classname="com.yourcompany.SampleSauceTest"/>
  <testcase name="clickLinkTest" time="70.071" classname="com.yourcompany.SampleSauceTest"/>
  <testcase name="clickLinkTest2" time="79.533" classname="com.yourcompany.SampleSauceTest"/>
  <testcase name="clickLinkTest2" time="67.640" classname="com.yourcompany.SampleSauceTest"/>
  <testcase name="clickLinkTest" time="70.720" classname="com.yourcompany.SampleSauceTest"/>
  <testcase name="clickLinkTest" time="73.810" classname="com.yourcompany.SampleSauceTest"/>
  <testcase name="clickLinkTest2" time="63.470" classname="com.yourcompany.SampleSauceTest"/>
  <testcase name="clickLinkTest" time="80.000" classname="com.yourcompany.SampleSauceTest"/>
  <testcase name="clickLinkTest" time="74.503" classname="com.yourcompany.SampleSauceTest"/>
</testsuite> <!-- com.yourcompany.SampleSauceTest -->
