<?xml version="1.0" encoding="UTF-8"?>
<!-- Generated by org.testng.reporters.JUnitReportReporter -->
<testsuite hostname="Jays-MBP.fios-router.home" name="com.yourcompany.SampleSauceTest" tests="6" failures="0" timestamp="28 Jun 2017 13:57:37 GMT" time="354.003" errors="0">
  <testcase name="clickLinkTest2" time="67.732" classname="com.yourcompany.SampleSauceTest"/>
  <testcase name="clickLinkTest2" time="52.376" classname="com.yourcompany.SampleSauceTest"/>
  <testcase name="clickLinkTest" time="52.868" classname="com.yourcompany.SampleSauceTest"/>
  <testcase name="clickLinkTest2" time="58.762" classname="com.yourcompany.SampleSauceTest"/>
  <testcase name="clickLinkTest" time="66.921" classname="com.yourcompany.SampleSauceTest"/>
  <testcase name="clickLinkTest" time="55.344" classname="com.yourcompany.SampleSauceTest"/>
</testsuite> <!-- com.yourcompany.SampleSauceTest -->
